Using pre-set license
Built from '2020.3/china_unity/release' branch; Version is '2020.3.12f1c1 (5887f62ce680) revision 5801974'; Using compiler version '192528614'; Build Type 'Release'
OS: 'Windows 10 Home; OS build 19043.1526; Version 2009; 64bit' Language: 'zh' Physical Memory: 65310 MB
BatchMode: 1, IsHumanControllingUs: 0, StartBugReporterOnCrash: 0, Is64bit: 1, IsPro: 0

 COMMAND LINE ARGUMENTS:
C:\Program Files\Unity\Hub\Editor\2020.3.12f1c1\Editor\Unity.exe
-adb2
-batchMode
-noUpm
-name
AssetImportWorker0
-projectPath
D:/UnityProject/URPShaderDevProject
-logFile
Logs/AssetImportWorker0.log
-srvPort
51393
Successfully changed project path to: D:/UnityProject/URPShaderDevProject
D:/UnityProject/URPShaderDevProject
Using Asset Import Pipeline V2.
Refreshing native plugins compatible for Editor in 52.75 ms, found 2 plugins.
Preloading 0 native plugins for Editor in 0.00 ms.
Initialize engine version: 2020.3.12f1c1 (5887f62ce680)
[Subsystems] Discovering subsystems at path C:/Program Files/Unity/Hub/Editor/2020.3.12f1c1/Editor/Data/Resources/UnitySubsystems
[Subsystems] Discovering subsystems at path D:/UnityProject/URPShaderDevProject/Assets
GfxDevice: creating device client; threaded=0
Direct3D:
    Version:  Direct3D 11.0 [level 11.1]
    Renderer: NVIDIA GeForce RTX 2060 (ID=0x1f08)
    Vendor:   
    VRAM:     5980 MB
    Driver:   27.21.14.6663
Shader 'Universal Render Pipeline/Particles/Lit': fallback shader 'Universal Render Pipeline/Particles/SimpleLit' not found
Initialize mono
Mono path[0] = 'C:/Program Files/Unity/Hub/Editor/2020.3.12f1c1/Editor/Data/Managed'
Mono path[1] = 'C:/Program Files/Unity/Hub/Editor/2020.3.12f1c1/Editor/Data/MonoBleedingEdge/lib/mono/unityjit'
Mono config path = 'C:/Program Files/Unity/Hub/Editor/2020.3.12f1c1/Editor/Data/MonoBleedingEdge/etc'
Using monoOptions --debugger-agent=transport=dt_socket,embedding=1,server=y,suspend=n,address=127.0.0.1:56492
Begin MonoManager ReloadAssembly
Registering precompiled unity dll's ...
Register platform support module: C:/Program Files/Unity/Hub/Editor/2020.3.12f1c1/Editor/Data/PlaybackEngines/WindowsStandaloneSupport/UnityEditor.WindowsStandalone.Extensions.dll
Registered in 0.001557 seconds.
Native extension for WindowsStandalone target not found
Refreshing native plugins compatible for Editor in 53.04 ms, found 2 plugins.
Preloading 0 native plugins for Editor in 0.00 ms.
Mono: successfully reloaded assembly
- Completed reload, in  0.712 seconds
Platform modules already initialized, skipping
Registering precompiled user dll's ...
Registered in 0.002305 seconds.
Begin MonoManager ReloadAssembly
Native extension for WindowsStandalone target not found
Refreshing native plugins compatible for Editor in 58.53 ms, found 2 plugins.
Preloading 0 native plugins for Editor in 0.00 ms.
Mono: successfully reloaded assembly
- Completed reload, in  0.955 seconds
Platform modules already initialized, skipping
========================================================================
Worker process is ready to serve import requests
Shader 'Universal Render Pipeline/Particles/Lit': fallback shader 'Universal Render Pipeline/Particles/SimpleLit' not found
Launched and connected shader compiler UnityShaderCompiler.exe after 0.07 seconds
Refreshing native plugins compatible for Editor in 0.63 ms, found 2 plugins.
Preloading 0 native plugins for Editor in 0.00 ms.
Unloading 3480 Unused Serialized files (Serialized files now loaded: 0)
System memory in use before: 187.0 MB.
System memory in use after: 187.2 MB.

Unloading 19 unused Assets to reduce memory usage. Loaded Objects now: 3921.
Total: 2.500700 ms (FindLiveObjects: 0.356300 ms CreateObjectMapping: 0.180500 ms MarkObjects: 1.901300 ms  DeleteObjects: 0.061300 ms)

AssetImportParameters requested are different than current active one (requested -> active):
  custom:framework-win-MediaFoundation: 216162199b28c13a410421893ffa2e32 -> 
  custom:video-decoder-ogg-theora: a1e56fd34408186e4bbccfd4996cb3dc -> 
  custom:container-muxer-webm: aa71ff27fc2769a1b78a27578f13a17b -> 
  custom:container-demuxer-webm: 4f35f7cbe854078d1ac9338744f61a02 -> 
  custom:container-demuxer-ogg: 62fdf1f143b41e24485cea50d1cbac27 -> 
  custom:video-encoder-webm-vp8: eb34c28f22e8b96e1ab97ce403110664 -> 
  custom:video-decoder-webm-vp8: 9c59270c3fd7afecdb556c50c9e8de78 -> 
  custom:audio-decoder-ogg-vorbis: bf7c407c2cedff20999df2af8eb42d56 -> 
  custom:audio-encoder-webm-vorbis: bf7c407c2cedff20999df2af8eb42d56 -> 
========================================================================
Received Import Request.
  path: Assets/PostProcessing/Shaders/Builtins/MultiScaleVODownsample1.compute
  artifactKey: Guid(4c63bc487e6c29a4a99f85a6c47b292b) Importer(815301076,1909f56bfc062723c751e8b465ee728b)
Start importing Assets/PostProcessing/Shaders/Builtins/MultiScaleVODownsample1.compute using Guid(4c63bc487e6c29a4a99f85a6c47b292b) Importer(815301076,1909f56bfc062723c751e8b465ee728b)  -> (artifact id: '7c7c8cf8bae9c01c9e68c4dbc744c187') in 0.025272 seconds 
  Import took 0.029772 seconds .

========================================================================
Received Import Request.
  Time since last request: 0.000270 seconds.
  path: Assets/PostProcessing/Shaders/Builtins/GaussianDownsample.compute
  artifactKey: Guid(6dba4103d23a7904fbc49099355aff3e) Importer(815301076,1909f56bfc062723c751e8b465ee728b)
Start importing Assets/PostProcessing/Shaders/Builtins/GaussianDownsample.compute using Guid(6dba4103d23a7904fbc49099355aff3e) Importer(815301076,1909f56bfc062723c751e8b465ee728b)  -> (artifact id: '47d00dabcdf2c625d013ef895f3d6d91') in 0.001878 seconds 
  Import took 0.005388 seconds .

========================================================================
Received Import Request.
  Time since last request: 0.000224 seconds.
  path: Assets/PostProcessing/Shaders/Builtins/AutoExposure.compute
  artifactKey: Guid(34845e0ca016b7448842e965db5890a5) Importer(815301076,1909f56bfc062723c751e8b465ee728b)
Start importing Assets/PostProcessing/Shaders/Builtins/AutoExposure.compute using Guid(34845e0ca016b7448842e965db5890a5) Importer(815301076,1909f56bfc062723c751e8b465ee728b)  -> (artifact id: '316ab1abd9e1d22d88bef174ad008997') in 0.001931 seconds 
  Import took 0.005422 seconds .

========================================================================
Received Import Request.
  Time since last request: 0.000182 seconds.
  path: Assets/PostProcessing/Shaders/Builtins/Texture3DLerp.compute
  artifactKey: Guid(31e9175024adfd44aba2530ff9b77494) Importer(815301076,1909f56bfc062723c751e8b465ee728b)
Start importing Assets/PostProcessing/Shaders/Builtins/Texture3DLerp.compute using Guid(31e9175024adfd44aba2530ff9b77494) Importer(815301076,1909f56bfc062723c751e8b465ee728b)  -> (artifact id: 'ed7c9a80c5a38bc7a61425e1f81a312b') in 0.002173 seconds 
  Import took 0.006185 seconds .

========================================================================
Received Import Request.
  Time since last request: 0.000199 seconds.
  path: Assets/PostProcessing/Shaders/Builtins/MultiScaleVOUpsample.compute
  artifactKey: Guid(600d6212b59bb40409d19d750b5fd1e9) Importer(815301076,1909f56bfc062723c751e8b465ee728b)
Start importing Assets/PostProcessing/Shaders/Builtins/MultiScaleVOUpsample.compute using Guid(600d6212b59bb40409d19d750b5fd1e9) Importer(815301076,1909f56bfc062723c751e8b465ee728b)  -> (artifact id: '8b6b9a6d534f4bc2b6a704e3841a04c4') in 0.002139 seconds 
  Import took 0.006363 seconds .

========================================================================
Received Import Request.
  Time since last request: 0.000159 seconds.
  path: Assets/PostProcessing/Shaders/Builtins/Lut3DBaker.compute
  artifactKey: Guid(42496b74c071f5749950ca1abe33e945) Importer(815301076,1909f56bfc062723c751e8b465ee728b)
Start importing Assets/PostProcessing/Shaders/Builtins/Lut3DBaker.compute using Guid(42496b74c071f5749950ca1abe33e945) Importer(815301076,1909f56bfc062723c751e8b465ee728b)  -> (artifact id: 'bb41dd3eb6dab692afc198620602dfc5') in 0.002102 seconds 
  Import took 0.006337 seconds .

========================================================================
Received Import Request.
  Time since last request: 0.000170 seconds.
  path: Assets/PostProcessing/Shaders/Debug/Waveform.compute
  artifactKey: Guid(92c63830cd50c0b4fbb8233613839958) Importer(815301076,1909f56bfc062723c751e8b465ee728b)
Start importing Assets/PostProcessing/Shaders/Debug/Waveform.compute using Guid(92c63830cd50c0b4fbb8233613839958) Importer(815301076,1909f56bfc062723c751e8b465ee728b)  -> (artifact id: '6c0eb42d1591f888f62ef9b7c53bf0ab') in 0.001954 seconds 
  Import took 0.005963 seconds .

========================================================================
Received Import Request.
  Time since last request: 0.000195 seconds.
  path: Assets/PostProcessing/Shaders/Debug/Histogram.compute
  artifactKey: Guid(18183ebfeeab97749b43e38b928604a7) Importer(815301076,1909f56bfc062723c751e8b465ee728b)
Start importing Assets/PostProcessing/Shaders/Debug/Histogram.compute using Guid(18183ebfeeab97749b43e38b928604a7) Importer(815301076,1909f56bfc062723c751e8b465ee728b)  -> (artifact id: '304134b5fb670d08a454a5482681c0f6') in 0.002132 seconds 
  Import took 0.006226 seconds .

========================================================================
Received Import Request.
  Time since last request: 0.000206 seconds.
  path: Assets/AmplifyShaderEditor/Plugins/EditorResources/GUISkins/MainSkin.guiskin
  artifactKey: Guid(57482289c346f104a8162a3a79aaff9d) Importer(815301076,1909f56bfc062723c751e8b465ee728b)
Start importing Assets/AmplifyShaderEditor/Plugins/EditorResources/GUISkins/MainSkin.guiskin using Guid(57482289c346f104a8162a3a79aaff9d) Importer(815301076,1909f56bfc062723c751e8b465ee728b)  -> (artifact id: '580ceb7115268a05762113cb3acba0c3') in 0.011756 seconds 
  Import took 0.015963 seconds .

========================================================================
Received Import Request.
  Time since last request: 0.000154 seconds.
  path: Assets/PostProcessing/Shaders/Debug/Vectorscope.compute
  artifactKey: Guid(e1efca7c36fd01840aae0dd10378de5c) Importer(815301076,1909f56bfc062723c751e8b465ee728b)
Start importing Assets/PostProcessing/Shaders/Debug/Vectorscope.compute using Guid(e1efca7c36fd01840aae0dd10378de5c) Importer(815301076,1909f56bfc062723c751e8b465ee728b)  -> (artifact id: 'c55d49eec4d5dd642a570cf5d242d779') in 0.001799 seconds 
  Import took 0.005820 seconds .

========================================================================
Received Import Request.
  Time since last request: 0.000150 seconds.
  path: Assets/PostProcessing/Shaders/Builtins/MultiScaleVODownsample2.compute
  artifactKey: Guid(e4d3e4779e48a374f91d48d4c0aedb7b) Importer(815301076,1909f56bfc062723c751e8b465ee728b)
Start importing Assets/PostProcessing/Shaders/Builtins/MultiScaleVODownsample2.compute using Guid(e4d3e4779e48a374f91d48d4c0aedb7b) Importer(815301076,1909f56bfc062723c751e8b465ee728b)  -> (artifact id: '25f7b4ad6375496e2cc1cdbd069d529a') in 0.001846 seconds 
  Import took 0.005462 seconds .

========================================================================
Received Import Request.
  Time since last request: 0.000194 seconds.
  path: Assets/PostProcessing/Shaders/Builtins/MultiScaleVORender.compute
  artifactKey: Guid(34a460e8a2e66c243a9c12024e5a798d) Importer(815301076,1909f56bfc062723c751e8b465ee728b)
Start importing Assets/PostProcessing/Shaders/Builtins/MultiScaleVORender.compute using Guid(34a460e8a2e66c243a9c12024e5a798d) Importer(815301076,1909f56bfc062723c751e8b465ee728b)  -> (artifact id: '23b691d226ee29a097a0316416881027') in 0.001755 seconds 
  Import took 0.005772 seconds .

========================================================================
Received Import Request.
  Time since last request: 0.000159 seconds.
  path: Assets/PostProcessing/Shaders/Builtins/ExposureHistogram.compute
  artifactKey: Guid(8c2fcbdf9bc58664f89917f7b9d79501) Importer(815301076,1909f56bfc062723c751e8b465ee728b)
Start importing Assets/PostProcessing/Shaders/Builtins/ExposureHistogram.compute using Guid(8c2fcbdf9bc58664f89917f7b9d79501) Importer(815301076,1909f56bfc062723c751e8b465ee728b)  -> (artifact id: '7ee0abef1da6e4b54de9a6b658d25478') in 0.003118 seconds 
  Import took 0.007204 seconds .

========================================================================
Received Import Request.
  Time since last request: 143.719421 seconds.
  path: Assets/AmplifyShaderEditor/Plugins
  artifactKey: Guid(3306ce0ede814a84c8d289893da72b7a) Importer(815301076,1909f56bfc062723c751e8b465ee728b)
Start importing Assets/AmplifyShaderEditor/Plugins using Guid(3306ce0ede814a84c8d289893da72b7a) Importer(815301076,1909f56bfc062723c751e8b465ee728b)  -> (artifact id: '4e53e40e851c3925fa72f3a53d32f986') in 0.002405 seconds 
  Import took 0.006999 seconds .

AssetImportWorkerClient::OnTransportError - code=2 error=End of file
